Arguments: 
  C:\Program Files\nodejs\node.exe C:\Users\Planet IT\AppData\Roaming\npm\node_modules\yarn\bin\yarn.js add -D typescript

PATH: 
  C:\Users\Planet IT\bin;C:\Program Files\Git\mingw64\bin;C:\Program Files\Git\usr\local\bin;C:\Program Files\Git\usr\bin;C:\Program Files\Git\usr\bin;C:\Program Files\Git\mingw64\bin;C:\Program Files\Git\usr\bin;C:\Users\Planet IT\bin;C:\WINDOWS\system32;C:\WINDOWS;C:\WINDOWS\System32\Wbem;C:\WINDOWS\System32\WindowsPowerShell\v1.0;C:\WINDOWS\System32\OpenSSH;C:\Program Files\PuTTY;C:\ProgramData\ComposerSetup\bin;E:\opencv\opencv\build\x64\vc15\bin;C:\Program Files\Git\cmd;C:\xampp\php;C:\Users\Planet IT\Downloads\mongosh-1.6.0-win32-x64\bin;%NVM_HOME%;%NVM_SYMLINK%;C:\Users\Planet IT\AppData\Local\Microsoft\WindowsApps;C:\Users\Planet IT\AppData\Roaming\Composer\vendor\bin;C:\Users\Planet IT\AppData\Local\Programs\Microsoft VS Code\bin;C:\Users\Planet IT\AppData\Roaming\npm;C:\Users\Planet IT\AppData\Roaming\nvm;C:\Program Files\nodejs;C:\Program Files\Git\usr\bin\vendor_perl;C:\Program Files\Git\usr\bin\core_perl

Yarn version: 
  1.22.19

Node version: 
  16.17.0

Platform: 
  win32 x64

Trace: 
  Error: getaddrinfo ENOTFOUND registry.yarnpkg.com
      at GetAddrInfoReqWrap.onlookup [as oncomplete] (node:dns:109:26)

npm manifest: 
  {
    "name": "university-management-server",
    "version": "1.0.0",
    "description": "",
    "main": "index.js",
    "scripts": {
      "test": "echo \"Error: no test specified\" && exit 1"
    },
    "author": "Noor Hossain",
    "license": "ISC"
  }

yarn manifest: 
  No manifest

Lockfile: 
  No lockfile
