{"level":"info","message":"Database is connected successfully!!!"}
{"level":"info","message":"Application listening on port 5000"}
{
  message: 'Database is connected successfully!!!',
  level: 'info',
  label: 'right meow!',
  timestamp: '2023-06-06T15:14:34.335Z'
}
{
  message: 'Application listening on port 5000',
  level: 'info',
  label: 'right meow!',
  timestamp: '2023-06-06T15:14:34.358Z'
}
2023-06-06T15:16:31.803Z [right meow!] info: Database is connected successfully!!!
2023-06-06T15:16:31.823Z [right meow!] info: Application listening on port 5000
Tue Jun 06 2023 21: 21: 32 [right meow!] info: Database is connected successfully!!!
Tue Jun 06 2023 21: 21: 32 [right meow!] info: Application listening on port 5000
6/6/2023 21: 22: 11 [right meow!] info: Database is connected successfully!!!
6/6/2023 21: 22: 12 [right meow!] info: Application listening on port 5000
Tue Jun 06 2023 21: 22: 56 [right meow!] info: Database is connected successfully!!!
Tue Jun 06 2023 21: 22: 56 [right meow!] info: Application listening on port 5000
Tue Jun 06 2023 21: 24: 12 [right meow!] info: Database is connected successfully!!!
Tue Jun 06 2023 21: 24: 12 [right meow!] info: Application listening on port 5000
